\BOOKMARK [1][-]{section.1}{\376\377\000I\000n\000t\000r\000o\000d\000u\000c\000t\000i\000o\000n}{}% 1
\BOOKMARK [1][-]{section.2}{\376\377\000M\000o\000d\000u\000l\000e\000\040\0001\000\040\040\024\000\040\000O\000n\000-\000C\000h\000a\000i\000n\000\040\000D\000a\000t\000a\000\040\000E\000x\000t\000r\000a\000c\000t\000i\000o\000n}{}% 2
\BOOKMARK [2][-]{subsection.2.1}{\376\377\000E\000x\000t\000r\000a\000c\000t\000e\000d\000\040\000F\000i\000l\000e\000s}{section.2}% 3
\BOOKMARK [2][-]{subsection.2.2}{\376\377\000V\000a\000l\000i\000d\000a\000t\000i\000o\000n}{section.2}% 4
\BOOKMARK [1][-]{section.3}{\376\377\000M\000o\000d\000u\000l\000e\000\040\0002\000\040\040\024\000\040\000L\000i\000q\000u\000i\000d\000i\000t\000y\000\040\000D\000i\000s\000t\000r\000i\000b\000u\000t\000i\000o\000n\000\040\000A\000n\000a\000l\000y\000s\000i\000s}{}% 5
\BOOKMARK [2][-]{subsection.3.1}{\376\377\000T\000a\000s\000k\000\040\0002\000.\0001\000\040\040\024\000\040\000L\000i\000q\000u\000i\000d\000i\000t\000y\000\040\000P\000r\000o\000f\000i\000l\000e\000\040\000V\000i\000s\000u\000a\000l\000i\000s\000a\000t\000i\000o\000n}{section.3}% 6
\BOOKMARK [2][-]{subsection.3.2}{\376\377\000T\000a\000s\000k\000\040\0002\000.\0002\000\040\040\024\000\040\000T\000V\000L\000\040\000C\000o\000m\000p\000u\000t\000a\000t\000i\000o\000n\000\040\000a\000n\000d\000\040\000D\000e\000c\000o\000m\000p\000o\000s\000i\000t\000i\000o\000n}{section.3}% 7
\BOOKMARK [2][-]{subsection.3.3}{\376\377\000T\000a\000s\000k\000\040\0002\000.\0003\000\040\040\024\000\040\000L\000i\000q\000u\000i\000d\000i\000t\000y\000\040\000C\000o\000n\000c\000e\000n\000t\000r\000a\000t\000i\000o\000n\000\040\000M\000e\000t\000r\000i\000c\000s}{section.3}% 8
\BOOKMARK [3][-]{subsubsection.3.3.1}{\376\377\000M\000e\000t\000r\000i\000c\000\040\000A\000\040\040\024\000\040\000I\000n\000-\000R\000a\000n\000g\000e\000\040\000L\000i\000q\000u\000i\000d\000i\000t\000y\000\040\000R\000a\000t\000i\000o\000\040\000\050\000I\000L\000R\000\051}{subsection.3.3}% 9
\BOOKMARK [3][-]{subsubsection.3.3.2}{\376\377\000M\000e\000t\000r\000i\000c\000\040\000B\000\040\040\024\000L\000i\000q\000u\000i\000d\000i\000t\000y\000\040\000H\000e\000r\000f\000i\000n\000d\000a\000h\000l\000-\000H\000i\000r\000s\000c\000h\000m\000a\000n\000\040\000I\000n\000d\000e\000x\000\040\000\050\000L\000-\000H\000H\000I\000\051}{subsection.3.3}% 10
\BOOKMARK [1][-]{section.4}{\376\377\000M\000o\000d\000u\000l\000e\000\040\0003\000\040\040\024\000\040\000S\000l\000i\000p\000p\000a\000g\000e\000\040\000S\000i\000m\000u\000l\000a\000t\000i\000o\000n\000\040\000a\000n\000d\000\040\000E\000x\000e\000c\000u\000t\000i\000o\000n\000\040\000C\000o\000s\000t}{}% 11
\BOOKMARK [2][-]{subsection.4.1}{\376\377\000D\000a\000t\000a\000\040\000I\000n\000p\000u\000t\000s}{section.4}% 12
\BOOKMARK [2][-]{subsection.4.2}{\376\377\000T\000a\000s\000k\000\040\0003\000.\0001\000\040\040\024\000\040\000U\000n\000i\000s\000w\000a\000p\000\040\000V\0003\000\040\000S\000w\000a\000p\000\040\000S\000i\000m\000u\000l\000a\000t\000o\000r}{section.4}% 13
\BOOKMARK [3][-]{subsubsection.4.2.1}{\376\377\000A\000l\000g\000o\000r\000i\000t\000h\000m}{subsection.4.2}% 14
\BOOKMARK [3][-]{subsubsection.4.2.2}{\376\377\000F\000o\000r\000m\000u\000l\000a\000s}{subsection.4.2}% 15
\BOOKMARK [3][-]{subsubsection.4.2.3}{\376\377\000V\000a\000l\000i\000d\000a\000t\000i\000o\000n\000\040\000A\000g\000a\000i\000n\000s\000t\000\040\000O\000b\000s\000e\000r\000v\000e\000d\000\040\000S\000w\000a\000p\000s}{subsection.4.2}% 16
\BOOKMARK [2][-]{subsection.4.3}{\376\377\000T\000a\000s\000k\000\040\0003\000.\0002\000\040\040\024\000\040\000S\000i\000m\000u\000l\000a\000t\000i\000o\000n\000\040\000G\000r\000i\000d}{section.4}% 17
\BOOKMARK [2][-]{subsection.4.4}{\376\377\000T\000a\000s\000k\000\040\0003\000.\0003\000\040\040\024\000\040\000P\000r\000i\000c\000e\000\040\000I\000m\000p\000a\000c\000t\000\040\000C\000u\000r\000v\000e\000s}{section.4}% 18
\BOOKMARK [2][-]{subsection.4.5}{\376\377\000T\000a\000s\000k\000\040\0003\000.\0004\000\040\040\024\000\040\000E\000f\000f\000e\000c\000t\000i\000v\000e\000\040\000S\000p\000r\000e\000a\000d\000\040\000f\000r\000o\000m\000\040\000O\000b\000s\000e\000r\000v\000e\000d\000\040\000S\000w\000a\000p\000s}{section.4}% 19
\BOOKMARK [2][-]{subsection.4.6}{\376\377\000L\000i\000m\000i\000t\000a\000t\000i\000o\000n\000s}{section.4}% 20
\BOOKMARK [2][-]{subsection.4.7}{\376\377\000T\000a\000k\000e\000a\000w\000a\000y}{section.4}% 21
\BOOKMARK [1][-]{section.5}{\376\377\000M\000o\000d\000u\000l\000e\000\040\0004\000\040\040\024\000\040\000L\000i\000q\000u\000i\000d\000i\000t\000y\000\040\000P\000r\000o\000v\000i\000s\000i\000o\000n\000\040\000A\000n\000a\000l\000y\000t\000i\000c\000s}{}% 22
\BOOKMARK [2][-]{subsection.5.1}{\376\377\000O\000b\000j\000e\000c\000t\000i\000v\000e\000\040\000a\000n\000d\000\040\000S\000c\000o\000p\000e}{section.5}% 23
\BOOKMARK [2][-]{subsection.5.2}{\376\377\000D\000a\000t\000a\000\040\000I\000n\000p\000u\000t\000s}{section.5}% 24
\BOOKMARK [2][-]{subsection.5.3}{\376\377\000T\000a\000s\000k\000\040\0004\000.\0001\000\040\040\024\000\040\000R\000e\000p\000r\000e\000s\000e\000n\000t\000a\000t\000i\000v\000e\000\040\000L\000P\000\040\000P\000o\000s\000i\000t\000i\000o\000n\000s}{section.5}% 25
\BOOKMARK [2][-]{subsection.5.4}{\376\377\000T\000a\000s\000k\000\040\0004\000.\0002\000\040\040\024\000\040\000F\000e\000e\000\040\000I\000n\000c\000o\000m\000e\000\040\000C\000o\000m\000p\000u\000t\000a\000t\000i\000o\000n}{section.5}% 26
\BOOKMARK [2][-]{subsection.5.5}{\376\377\000T\000a\000s\000k\000\040\0004\000.\0003\000\040\040\024\000\040\000I\000m\000p\000e\000r\000m\000a\000n\000e\000n\000t\000\040\000L\000o\000s\000s\000\040\000a\000n\000d\000\040\000N\000e\000t\000\040\000P\000\046\000L}{section.5}% 27
\BOOKMARK [2][-]{subsection.5.6}{\376\377\000R\000e\000s\000u\000l\000t\000s}{section.5}% 28
\BOOKMARK [1][-]{section.6}{\376\377\000M\000o\000d\000u\000l\000e\000\040\0005\000:\000\040\000D\000y\000n\000a\000m\000i\000c\000\040\000H\000e\000d\000g\000i\000n\000g\000\040\000o\000f\000\040\000I\000m\000p\000e\000r\000m\000a\000n\000e\000n\000t\000\040\000L\000o\000s\000s}{}% 29
\BOOKMARK [2][-]{subsection.6.1}{\376\377\000L\000P\000\040\000P\000a\000y\000o\000f\000f\000,\000\040\000D\000e\000l\000t\000a\000,\000\040\000a\000n\000d\000\040\000G\000a\000m\000m\000a}{section.6}% 30
\BOOKMARK [3][-]{subsubsection.6.1.1}{\376\377\000L\000P\000\040\000P\000a\000y\000o\000f\000f\000\040\000S\000h\000a\000p\000e\000\040\000\050\000T\000a\000s\000k\000\040\0005\000.\0001\000.\0001\000\051}{subsection.6.1}% 31
\BOOKMARK [3][-]{subsubsection.6.1.2}{\376\377\000D\000e\000r\000i\000v\000a\000t\000i\000o\000n\000\040\000o\000f\000\040\000L\000P\000\040\000D\000e\000l\000t\000a\000\040\000\050\000T\000a\000s\000k\000\040\0005\000.\0001\000.\0002\000\051}{subsection.6.1}% 32
\BOOKMARK [3][-]{subsubsection.6.1.3}{\376\377\000L\000P\000\040\000G\000a\000m\000m\000a\000\040\000\050\000T\000a\000s\000k\000\040\0005\000.\0001\000.\0003\000\051}{subsection.6.1}% 33
\BOOKMARK [2][-]{subsection.6.2}{\376\377\000H\000y\000p\000e\000r\000l\000i\000q\000u\000i\000d\000\040\000D\000a\000t\000a\000\040\000C\000o\000l\000l\000e\000c\000t\000i\000o\000n\000\040\000\050\000T\000a\000s\000k\000\040\0005\000.\0002\000\051}{section.6}% 34
\BOOKMARK [2][-]{subsection.6.3}{\376\377\000D\000e\000l\000t\000a\000-\000H\000e\000d\000g\000i\000n\000g\000\040\000B\000a\000c\000k\000t\000e\000s\000t\000\040\000\050\000T\000a\000s\000k\000\040\0005\000.\0003\000\051}{section.6}% 35
\BOOKMARK [2][-]{subsection.6.4}{\376\377\000L\000i\000m\000i\000t\000a\000t\000i\000o\000n\000s\000\040\000a\000n\000d\000\040\000C\000r\000i\000t\000i\000c\000a\000l\000\040\000D\000i\000s\000c\000u\000s\000s\000i\000o\000n\000\040\000\050\000T\000a\000s\000k\000\040\0005\000.\0004\000\051}{section.6}% 36
\BOOKMARK [1][-]{section.7}{\376\377\000C\000o\000n\000c\000l\000u\000s\000i\000o\000n}{}% 37
\BOOKMARK [1][-]{appendix.A}{\376\377\000A\000p\000p\000e\000n\000d\000i\000x}{}% 38
